0 info it worked if it ends with ok
1 verbose cli [ 'node', '/usr/local/bin/npm', 'update', 'steroids', '-g' ]
2 info using npm@1.4.28
3 info using node@v0.10.32
4 verbose request where is /steroids
5 verbose request registry https://registry.npmjs.org/
6 verbose request id f79ee2716fb976a4
7 verbose url raw /steroids
8 verbose url resolving [ 'https://registry.npmjs.org/', './steroids' ]
9 verbose url resolved https://registry.npmjs.org/steroids
10 verbose request where is https://registry.npmjs.org/steroids
11 info trying registry request attempt 1 at 21:21:02
12 verbose etag "7BQZCFFN2OOV9B433W1DTPHF8"
13 http GET https://registry.npmjs.org/steroids
14 http 200 https://registry.npmjs.org/steroids
15 silly registry.get cb [ 200,
15 silly registry.get   { date: 'Wed, 12 Nov 2014 03:21:03 GMT',
15 silly registry.get     server: 'CouchDB/1.5.0 (Erlang OTP/R16B03)',
15 silly registry.get     etag: '"6KPSLNGTVRAO5Q5YNTBHTTRG5"',
15 silly registry.get     'content-type': 'application/json',
15 silly registry.get     'cache-control': 'max-age=60',
15 silly registry.get     'content-length': '375060',
15 silly registry.get     'accept-ranges': 'bytes',
15 silly registry.get     via: '1.1 varnish',
15 silly registry.get     age: '0',
15 silly registry.get     'x-served-by': 'cache-iad2143-IAD',
15 silly registry.get     'x-cache': 'MISS',
15 silly registry.get     'x-cache-hits': '0',
15 silly registry.get     'x-timer': 'S1415762462.940261,VS0,VE938',
15 silly registry.get     vary: 'Accept',
15 silly registry.get     'keep-alive': 'timeout=10, max=50',
15 silly registry.get     connection: 'Keep-Alive' } ]
16 info outdated updating [ [ '/usr/local/lib',
16 info outdated     'steroids',
16 info outdated     '3.5.16',
16 info outdated     '3.5.17',
16 info outdated     '3.5.17',
16 info outdated     'latest' ] ]
17 verbose install where,what [ '/usr/local/lib', [ 'steroids@3.5.17' ] ]
18 verbose cache add [ 'steroids@3.5.17', null ]
19 verbose cache add name=undefined spec="steroids@3.5.17" args=["steroids@3.5.17",null]
20 verbose parsed url { protocol: null,
20 verbose parsed url   slashes: null,
20 verbose parsed url   auth: null,
20 verbose parsed url   host: null,
20 verbose parsed url   port: null,
20 verbose parsed url   hostname: null,
20 verbose parsed url   hash: null,
20 verbose parsed url   search: null,
20 verbose parsed url   query: null,
20 verbose parsed url   pathname: 'steroids@3.5.17',
20 verbose parsed url   path: 'steroids@3.5.17',
20 verbose parsed url   href: 'steroids@3.5.17' }
21 verbose cache add name="steroids" spec="3.5.17" args=["steroids","3.5.17"]
22 verbose parsed url { protocol: null,
22 verbose parsed url   slashes: null,
22 verbose parsed url   auth: null,
22 verbose parsed url   host: null,
22 verbose parsed url   port: null,
22 verbose parsed url   hostname: null,
22 verbose parsed url   hash: null,
22 verbose parsed url   search: null,
22 verbose parsed url   query: null,
22 verbose parsed url   pathname: '3.5.17',
22 verbose parsed url   path: '3.5.17',
22 verbose parsed url   href: '3.5.17' }
23 verbose addNamed [ 'steroids', '3.5.17' ]
24 verbose addNamed [ '3.5.17', '3.5.17' ]
25 silly lockFile 670c6309-steroids-3-5-17 steroids@3.5.17
26 verbose lock steroids@3.5.17 /Users/Shannon/.npm/670c6309-steroids-3-5-17.lock
27 silly lockFile 670c6309-steroids-3-5-17 steroids@3.5.17
28 error Error: Attempt to unlock steroids@3.5.17, which hasn't been locked
28 error     at unlock (/usr/local/lib/node_modules/npm/lib/utils/locker.js:44:11)
28 error     at cb (/usr/local/lib/node_modules/npm/lib/cache/add-named.js:32:5)
28 error     at /usr/local/lib/node_modules/npm/lib/cache/add-named.js:41:20
28 error     at /usr/local/lib/node_modules/npm/lib/utils/locker.js:30:7
28 error     at cb (/usr/local/lib/node_modules/npm/node_modules/lockfile/lockfile.js:149:38)
28 error     at /usr/local/lib/node_modules/npm/node_modules/lockfile/lockfile.js:177:38
28 error     at Object.oncomplete (fs.js:107:15)
29 error If you need help, you may report this *entire* log,
29 error including the npm and node versions, at:
29 error     <http://github.com/npm/npm/issues>
30 error System Darwin 14.0.0
31 error command "node" "/usr/local/bin/npm" "update" "steroids" "-g"
32 error cwd /Users/Shannon/knowb4ugo
33 error node -v v0.10.32
34 error npm -v 1.4.28
35 verbose exit [ 1, true ]
